Build started 6/13/2012 5:12:02 PM.
     1>Project "C:\Users\MobileJeff\Documents\Dropbox\CST328\CST328_Proj\CST328_Proj\CST328_Proj.vcxproj" on node 2 (rebuild target(s)).
     1>_PrepareForClean:
         Deleting file "Release\CST328_Proj.lastbuildstate".
       InitializeBuildStatus:
         Creating "Release\CST328_Proj.unsuccessfulbuild" because "AlwaysCreate" was specified.
       ClCompile:
         c:\Program Files (x86)\Microsoft Visual Studio 10.0\VC\bin\CL.exe /c /I"C:\Users\MobileJeff\Documents\GLTools-Freeglut\GLTools-Win\include" /I"C:\Users\MobileJeff\Documents\GLTools-Freeglut\freeglutFiles\include" /Zi /nologo /W3 /WX- /O2 /Oi /Oy- /GL /D WIN32 /D NDEBUG /D _CONSOLE /D _UNICODE /D UNICODE /Gm- /EHsc /MD /GS /Gy /fp:precise /Zc:wchar_t /Zc:forScope /Fo"Release\\" /Fd"Release\vc100.pdb" /Gd /TP /analyze- /errorReport:prompt camera.cpp CST328_Proj.cpp imageloader.cpp maze.cpp Sphere.cpp
         camera.cpp
     1>camera.cpp(51): warning C4244: '=' : conversion from 'double' to 'GLfloat', possible loss of data
     1>camera.cpp(52): warning C4244: '=' : conversion from 'double' to 'GLfloat', possible loss of data
     1>camera.cpp(55): warning C4244: '=' : conversion from 'double' to 'GLfloat', possible loss of data
     1>camera.cpp(56): warning C4244: '=' : conversion from 'double' to 'GLfloat', possible loss of data
     1>camera.cpp(57): warning C4244: '=' : conversion from 'double' to 'GLfloat', possible loss of data
         CST328_Proj.cpp
     1>CST328_Proj.cpp(97): warning C4305: 'argument' : truncation from 'double' to 'GLfloat'
     1>CST328_Proj.cpp(98): warning C4305: 'argument' : truncation from 'double' to 'GLfloat'
     1>CST328_Proj.cpp(184): warning C4305: 'argument' : truncation from 'double' to 'GLfloat'
     1>CST328_Proj.cpp(187): warning C4305: 'argument' : truncation from 'double' to 'GLfloat'
     1>CST328_Proj.cpp(190): warning C4305: 'argument' : truncation from 'double' to 'GLfloat'
     1>CST328_Proj.cpp(193): warning C4305: 'argument' : truncation from 'double' to 'GLfloat'
         imageloader.cpp
         maze.cpp
         Sphere.cpp
     1>Sphere.cpp(29): warning C4244: 'initializing' : conversion from 'double' to 'float', possible loss of data
     1>Sphere.cpp(29): warning C4244: 'initializing' : conversion from 'double' to 'float', possible loss of data
     1>Sphere.cpp(29): warning C4244: 'initializing' : conversion from 'double' to 'float', possible loss of data
     1>Sphere.cpp(75): warning C4244: 'initializing' : conversion from 'double' to 'float', possible loss of data
     1>Sphere.cpp(107): warning C4244: 'initializing' : conversion from 'double' to 'float', possible loss of data
     1>Sphere.cpp(135): warning C4244: 'argument' : conversion from 'double' to 'GLfloat', possible loss of data
     1>Sphere.cpp(135): warning C4244: 'argument' : conversion from 'double' to 'GLfloat', possible loss of data
     1>Sphere.cpp(135): warning C4244: 'argument' : conversion from 'double' to 'GLfloat', possible loss of data
     1>Sphere.cpp(138): warning C4244: 'argument' : conversion from 'double' to 'GLfloat', possible loss of data
     1>Sphere.cpp(142): warning C4244: 'argument' : conversion from 'double' to 'GLfloat', possible loss of data
     1>Sphere.cpp(147): warning C4244: 'argument' : conversion from 'const float' to 'GLint', possible loss of data
     1>Sphere.cpp(147): warning C4244: 'argument' : conversion from 'const float' to 'GLint', possible loss of data
       Link:
         c:\Program Files (x86)\Microsoft Visual Studio 10.0\VC\bin\link.exe /ERRORREPORT:PROMPT /OUT:"C:\Users\MobileJeff\Documents\Dropbox\CST328\CST328_Proj\CST328_Proj\Release\CST328_Proj.exe" /INCREMENTAL:NO /NOLOGO GLTools.lib freeglut_static.lib kernel32.lib user32.lib gdi32.lib winspool.lib comdlg32.lib advapi32.lib shell32.lib ole32.lib oleaut32.lib uuid.lib odbc32.lib odbccp32.lib /MANIFEST /ManifestFile:"Release\CST328_Proj.exe.intermediate.manifest" /MANIFESTUAC:"level='asInvoker' uiAccess='false'" /DEBUG /PDB:"C:\Users\MobileJeff\Documents\Dropbox\CST328\CST328_Proj\CST328_Proj\Release\CST328_Proj.pdb" /SUBSYSTEM:CONSOLE /OPT:REF /OPT:ICF /LTCG /TLBID:1 /DYNAMICBASE /NXCOMPAT /IMPLIB:"C:\Users\MobileJeff\Documents\Dropbox\CST328\CST328_Proj\CST328_Proj\Release\CST328_Proj.lib" /MACHINE:X86 Release\camera.obj
         Release\CST328_Proj.obj
         Release\imageloader.obj
         Release\maze.obj
         Release\Sphere.obj
         Generating code
         Finished generating code
         CST328_Proj.vcxproj -> C:\Users\MobileJeff\Documents\Dropbox\CST328\CST328_Proj\CST328_Proj\Release\CST328_Proj.exe
       Manifest:
         C:\Program Files (x86)\Microsoft SDKs\Windows\v7.0A\bin\mt.exe /nologo /verbose /outputresource:"C:\Users\MobileJeff\Documents\Dropbox\CST328\CST328_Proj\CST328_Proj\Release\CST328_Proj.exe;#1" /manifest Release\CST328_Proj.exe.intermediate.manifest
       FinalizeBuildStatus:
         Deleting file "Release\CST328_Proj.unsuccessfulbuild".
         Touching "Release\CST328_Proj.lastbuildstate".
     1>Done Building Project "C:\Users\MobileJeff\Documents\Dropbox\CST328\CST328_Proj\CST328_Proj\CST328_Proj.vcxproj" (rebuild target(s)).

Build succeeded.

Time Elapsed 00:00:05.92
