C:\USERS\MOBILEJEFF\DOCUMENTS\DROPBOX\CST328\CST328_PROJ\CST328_PROJ\DEBUG\CAMERA.OBJ
C:\Users\MobileJeff\Documents\Dropbox\CST328\CST328_Proj\CST328_Proj\Debug\cl.command.1.tlog
C:\Users\MobileJeff\Documents\Dropbox\CST328\CST328_Proj\CST328_Proj\Debug\CL.read.1.tlog
C:\Users\MobileJeff\Documents\Dropbox\CST328\CST328_Proj\CST328_Proj\Debug\CL.write.1.tlog
C:\USERS\MOBILEJEFF\DOCUMENTS\DROPBOX\CST328\CST328_PROJ\CST328_PROJ\DEBUG\CST328_PROJ.EXE
C:\USERS\MOBILEJEFF\DOCUMENTS\DROPBOX\CST328\CST328_PROJ\CST328_PROJ\DEBUG\CST328_PROJ.EXE.EMBED.MANIFEST
C:\USERS\MOBILEJEFF\DOCUMENTS\DROPBOX\CST328\CST328_PROJ\CST328_PROJ\DEBUG\CST328_PROJ.EXE.EMBED.MANIFEST.RES
C:\USERS\MOBILEJEFF\DOCUMENTS\DROPBOX\CST328\CST328_PROJ\CST328_PROJ\DEBUG\CST328_PROJ.EXE.INTERMEDIATE.MANIFEST
C:\USERS\MOBILEJEFF\DOCUMENTS\DROPBOX\CST328\CST328_PROJ\CST328_PROJ\DEBUG\CST328_PROJ.ILK
C:\USERS\MOBILEJEFF\DOCUMENTS\DROPBOX\CST328\CST328_PROJ\CST328_PROJ\DEBUG\CST328_PROJ.OBJ
C:\USERS\MOBILEJEFF\DOCUMENTS\DROPBOX\CST328\CST328_PROJ\CST328_PROJ\DEBUG\CST328_PROJ.PDB
C:\Users\MobileJeff\Documents\Dropbox\CST328\CST328_Proj\CST328_Proj\Debug\CST328_Proj_manifest.rc
C:\USERS\MOBILEJEFF\DOCUMENTS\DROPBOX\CST328\CST328_PROJ\CST328_PROJ\DEBUG\IMAGELOADER.OBJ
C:\Users\MobileJeff\Documents\Dropbox\CST328\CST328_Proj\CST328_Proj\Debug\link.2372.read.1.tlog
C:\Users\MobileJeff\Documents\Dropbox\CST328\CST328_Proj\CST328_Proj\Debug\link.2372.write.1.tlog
C:\Users\MobileJeff\Documents\Dropbox\CST328\CST328_Proj\CST328_Proj\Debug\link.2372-cvtres.read.1.tlog
C:\Users\MobileJeff\Documents\Dropbox\CST328\CST328_Proj\CST328_Proj\Debug\link.2372-cvtres.write.1.tlog
C:\Users\MobileJeff\Documents\Dropbox\CST328\CST328_Proj\CST328_Proj\Debug\link.command.1.tlog
C:\Users\MobileJeff\Documents\Dropbox\CST328\CST328_Proj\CST328_Proj\Debug\link.read.1.tlog
C:\Users\MobileJeff\Documents\Dropbox\CST328\CST328_Proj\CST328_Proj\Debug\link.write.1.tlog
C:\Users\MobileJeff\Documents\Dropbox\CST328\CST328_Proj\CST328_Proj\Debug\link-cvtres.read.1.tlog
C:\Users\MobileJeff\Documents\Dropbox\CST328\CST328_Proj\CST328_Proj\Debug\link-cvtres.write.1.tlog
C:\USERS\MOBILEJEFF\DOCUMENTS\DROPBOX\CST328\CST328_PROJ\CST328_PROJ\DEBUG\MAZE.OBJ
C:\Users\MobileJeff\Documents\Dropbox\CST328\CST328_Proj\CST328_Proj\Debug\mt.command.1.tlog
C:\Users\MobileJeff\Documents\Dropbox\CST328\CST328_Proj\CST328_Proj\Debug\mt.read.1.tlog
C:\Users\MobileJeff\Documents\Dropbox\CST328\CST328_Proj\CST328_Proj\Debug\mt.write.1.tlog
C:\Users\MobileJeff\Documents\Dropbox\CST328\CST328_Proj\CST328_Proj\Debug\rc.command.1.tlog
C:\Users\MobileJeff\Documents\Dropbox\CST328\CST328_Proj\CST328_Proj\Debug\rc.read.1.tlog
C:\Users\MobileJeff\Documents\Dropbox\CST328\CST328_Proj\CST328_Proj\Debug\rc.write.1.tlog
C:\USERS\MOBILEJEFF\DOCUMENTS\DROPBOX\CST328\CST328_PROJ\CST328_PROJ\DEBUG\SPHERE.OBJ
C:\Users\MobileJeff\Documents\Dropbox\CST328\CST328_Proj\CST328_Proj\Debug\vc100.idb
C:\USERS\MOBILEJEFF\DOCUMENTS\DROPBOX\CST328\CST328_PROJ\CST328_PROJ\DEBUG\VC100.PDB
