Build started 6/9/2012 3:46:51 PM.
     1>Project "C:\Users\MobileJeff\Documents\Dropbox\CST328\CST328_Proj\CST328_Proj\CST328_Proj.vcxproj" on node 2 (build target(s)).
     1>InitializeBuildStatus:
         Creating "Debug\CST328_Proj.unsuccessfulbuild" because "AlwaysCreate" was specified.
       ClCompile:
         c:\Program Files (x86)\Microsoft Visual Studio 10.0\VC\bin\CL.exe /c /I"C:\Users\MobileJeff\Documents\GLTools-Freeglut\GLTools-Win\include" /I"C:\Users\MobileJeff\Documents\GLTools-Freeglut\freeglutFiles\include" /ZI /nologo /W3 /WX- /Od /Oy- /D WIN32 /D _DEBUG /D _CONSOLE /D _UNICODE /D UNICODE /Gm /EHsc /RTC1 /MDd /GS /fp:precise /Zc:wchar_t /Zc:forScope /Fo"Debug\\" /Fd"Debug\vc100.pdb" /Gd /TP /analyze- /errorReport:prompt Sphere.cpp
         Sphere.cpp
     1>c:\users\mobilejeff\documents\dropbox\cst328\cst328_proj\cst328_proj\sphere.cpp(29): warning C4244: 'initializing' : conversion from 'double' to 'float', possible loss of data
     1>c:\users\mobilejeff\documents\dropbox\cst328\cst328_proj\cst328_proj\sphere.cpp(29): warning C4244: 'initializing' : conversion from 'double' to 'float', possible loss of data
     1>c:\users\mobilejeff\documents\dropbox\cst328\cst328_proj\cst328_proj\sphere.cpp(29): warning C4244: 'initializing' : conversion from 'double' to 'float', possible loss of data
     1>c:\users\mobilejeff\documents\dropbox\cst328\cst328_proj\cst328_proj\sphere.cpp(75): warning C4244: 'initializing' : conversion from 'double' to 'float', possible loss of data
     1>c:\users\mobilejeff\documents\dropbox\cst328\cst328_proj\cst328_proj\sphere.cpp(107): warning C4244: 'initializing' : conversion from 'double' to 'float', possible loss of data
     1>c:\users\mobilejeff\documents\dropbox\cst328\cst328_proj\cst328_proj\sphere.cpp(135): warning C4244: 'argument' : conversion from 'double' to 'GLfloat', possible loss of data
     1>c:\users\mobilejeff\documents\dropbox\cst328\cst328_proj\cst328_proj\sphere.cpp(135): warning C4244: 'argument' : conversion from 'double' to 'GLfloat', possible loss of data
     1>c:\users\mobilejeff\documents\dropbox\cst328\cst328_proj\cst328_proj\sphere.cpp(135): warning C4244: 'argument' : conversion from 'double' to 'GLfloat', possible loss of data
     1>c:\users\mobilejeff\documents\dropbox\cst328\cst328_proj\cst328_proj\sphere.cpp(138): warning C4244: 'argument' : conversion from 'double' to 'GLfloat', possible loss of data
     1>c:\users\mobilejeff\documents\dropbox\cst328\cst328_proj\cst328_proj\sphere.cpp(142): warning C4244: 'argument' : conversion from 'double' to 'GLfloat', possible loss of data
     1>c:\users\mobilejeff\documents\dropbox\cst328\cst328_proj\cst328_proj\sphere.cpp(147): warning C4244: 'argument' : conversion from 'const float' to 'GLint', possible loss of data
     1>c:\users\mobilejeff\documents\dropbox\cst328\cst328_proj\cst328_proj\sphere.cpp(147): warning C4244: 'argument' : conversion from 'const float' to 'GLint', possible loss of data
       ManifestResourceCompile:
         All outputs are up-to-date.
       Link:
         c:\Program Files (x86)\Microsoft Visual Studio 10.0\VC\bin\link.exe /ERRORREPORT:PROMPT /OUT:"C:\Users\MobileJeff\Documents\Dropbox\CST328\CST328_Proj\CST328_Proj\Debug\CST328_Proj.exe" /INCREMENTAL /NOLOGO GLTools.lib freeglut_static.lib kernel32.lib user32.lib gdi32.lib winspool.lib comdlg32.lib advapi32.lib shell32.lib ole32.lib oleaut32.lib uuid.lib odbc32.lib odbccp32.lib /MANIFEST /ManifestFile:"Debug\CST328_Proj.exe.intermediate.manifest" /MANIFESTUAC:"level='asInvoker' uiAccess='false'" /DEBUG /PDB:"C:\Users\MobileJeff\Documents\Dropbox\CST328\CST328_Proj\CST328_Proj\Debug\CST328_Proj.pdb" /SUBSYSTEM:CONSOLE /TLBID:1 /DYNAMICBASE /NXCOMPAT /IMPLIB:"C:\Users\MobileJeff\Documents\Dropbox\CST328\CST328_Proj\CST328_Proj\Debug\CST328_Proj.lib" /MACHINE:X86 Debug\CST328_Proj.exe.embed.manifest.res
         Debug\camera.obj
         Debug\CST328_Proj.obj
         Debug\imageloader.obj
         Debug\maze.obj
         Debug\Sphere.obj
       Manifest:
         C:\Program Files (x86)\Microsoft SDKs\Windows\v7.0A\bin\mt.exe /nologo /verbose /out:"Debug\CST328_Proj.exe.embed.manifest" /manifest Debug\CST328_Proj.exe.intermediate.manifest
         All outputs are up-to-date.
       LinkEmbedManifest:
         All outputs are up-to-date.
         CST328_Proj.vcxproj -> C:\Users\MobileJeff\Documents\Dropbox\CST328\CST328_Proj\CST328_Proj\Debug\CST328_Proj.exe
       FinalizeBuildStatus:
         Deleting file "Debug\CST328_Proj.unsuccessfulbuild".
         Touching "Debug\CST328_Proj.lastbuildstate".
     1>Done Building Project "C:\Users\MobileJeff\Documents\Dropbox\CST328\CST328_Proj\CST328_Proj\CST328_Proj.vcxproj" (build target(s)).

Build succeeded.

Time Elapsed 00:00:10.21
