C:\USERS\MOBILEJEFF\DOCUMENTS\HOMEWORK\CST 211\L3_JEFFREY_DANIELS\DEBUG\L3_JEFFREY_DANIELS.EXE
C:\USERS\MOBILEJEFF\DOCUMENTS\HOMEWORK\CST 211\L3_JEFFREY_DANIELS\DEBUG\L3_JEFFREY_DANIELS.ILK
C:\USERS\MOBILEJEFF\DOCUMENTS\HOMEWORK\CST 211\L3_JEFFREY_DANIELS\DEBUG\L3_JEFFREY_DANIELS.PDB
C:\USERS\MOBILEJEFF\DOCUMENTS\HOMEWORK\CST 211\L3_JEFFREY_DANIELS\L3_JEFFREY_DANIELS\DEBUG\BOARD.OBJ
C:\USERS\MOBILEJEFF\DOCUMENTS\HOMEWORK\CST 211\L3_JEFFREY_DANIELS\L3_JEFFREY_DANIELS\DEBUG\CARD.OBJ
C:\Users\MobileJeff\Documents\Homework\CST 211\L3_Jeffrey_Daniels\L3_Jeffrey_Daniels\Debug\cl.command.1.tlog
C:\Users\MobileJeff\Documents\Homework\CST 211\L3_Jeffrey_Daniels\L3_Jeffrey_Daniels\Debug\CL.read.1.tlog
C:\Users\MobileJeff\Documents\Homework\CST 211\L3_Jeffrey_Daniels\L3_Jeffrey_Daniels\Debug\CL.write.1.tlog
C:\USERS\MOBILEJEFF\DOCUMENTS\HOMEWORK\CST 211\L3_JEFFREY_DANIELS\L3_JEFFREY_DANIELS\DEBUG\DECK.OBJ
C:\USERS\MOBILEJEFF\DOCUMENTS\HOMEWORK\CST 211\L3_JEFFREY_DANIELS\L3_JEFFREY_DANIELS\DEBUG\EXCEPTION.OBJ
C:\USERS\MOBILEJEFF\DOCUMENTS\HOMEWORK\CST 211\L3_JEFFREY_DANIELS\L3_JEFFREY_DANIELS\DEBUG\FREECELLGAME.OBJ
C:\USERS\MOBILEJEFF\DOCUMENTS\HOMEWORK\CST 211\L3_JEFFREY_DANIELS\L3_JEFFREY_DANIELS\DEBUG\FREECELLS.OBJ
C:\USERS\MOBILEJEFF\DOCUMENTS\HOMEWORK\CST 211\L3_JEFFREY_DANIELS\L3_JEFFREY_DANIELS\DEBUG\HOMECELLS.OBJ
C:\USERS\MOBILEJEFF\DOCUMENTS\HOMEWORK\CST 211\L3_JEFFREY_DANIELS\L3_JEFFREY_DANIELS\DEBUG\L3_JEFFREY_DANIELS.EXE.INTERMEDIATE.MANIFEST
C:\Users\MobileJeff\Documents\Homework\CST 211\L3_Jeffrey_Daniels\L3_Jeffrey_Daniels\Debug\link.command.1.tlog
C:\Users\MobileJeff\Documents\Homework\CST 211\L3_Jeffrey_Daniels\L3_Jeffrey_Daniels\Debug\link.read.1.tlog
C:\Users\MobileJeff\Documents\Homework\CST 211\L3_Jeffrey_Daniels\L3_Jeffrey_Daniels\Debug\link.write.1.tlog
C:\USERS\MOBILEJEFF\DOCUMENTS\HOMEWORK\CST 211\L3_JEFFREY_DANIELS\L3_JEFFREY_DANIELS\DEBUG\MAIN.OBJ
C:\Users\MobileJeff\Documents\Homework\CST 211\L3_Jeffrey_Daniels\L3_Jeffrey_Daniels\Debug\mt.command.1.tlog
C:\Users\MobileJeff\Documents\Homework\CST 211\L3_Jeffrey_Daniels\L3_Jeffrey_Daniels\Debug\mt.read.1.tlog
C:\Users\MobileJeff\Documents\Homework\CST 211\L3_Jeffrey_Daniels\L3_Jeffrey_Daniels\Debug\mt.write.1.tlog
C:\USERS\MOBILEJEFF\DOCUMENTS\HOMEWORK\CST 211\L3_JEFFREY_DANIELS\L3_JEFFREY_DANIELS\DEBUG\PLAYAREA.OBJ
C:\Users\MobileJeff\Documents\Homework\CST 211\L3_Jeffrey_Daniels\L3_Jeffrey_Daniels\Debug\vc100.idb
C:\USERS\MOBILEJEFF\DOCUMENTS\HOMEWORK\CST 211\L3_JEFFREY_DANIELS\L3_JEFFREY_DANIELS\DEBUG\VC100.PDB
